[INFO] Scanning for projects...
[INFO] 
[INFO] -----------------------< com.miAplicacion:demo >------------------------
[INFO] Building demo 0.0.1-SNAPSHOT
[INFO]   from pom.xml
[INFO] --------------------------------[ jar ]---------------------------------
[INFO] 
[INFO] >>> spring-boot:3.5.6:run (default-cli) > test-compile @ demo >>>
[INFO] 
[INFO] --- resources:3.3.1:resources (default-resources) @ demo ---
[INFO] Copying 1 resource from src/main/resources to target/classes
[INFO] Copying 12 resources from src/main/resources to target/classes
[INFO] 
[INFO] --- compiler:3.14.0:compile (default-compile) @ demo ---
[INFO] Nothing to compile - all classes are up to date.
[INFO] 
[INFO] --- resources:3.3.1:testResources (default-testResources) @ demo ---
[INFO] skip non existing resourceDirectory /workspaces/crud-mixto/src/test/resources
[INFO] 
[INFO] --- compiler:3.14.0:testCompile (default-testCompile) @ demo ---
[INFO] Nothing to compile - all classes are up to date.
[INFO] 
[INFO] <<< spring-boot:3.5.6:run (default-cli) < test-compile @ demo <<<
[INFO] 
[INFO] 
[INFO] --- spring-boot:3.5.6:run (default-cli) @ demo ---
[INFO] Attaching agents: []

  .   ____          _            __ _ _
 /\\ / ___'_ __ _ _(_)_ __  __ _ \ \ \ \
( ( )\___ | '_ | '_| | '_ \/ _` | \ \ \ \
 \\/  ___)| |_)| | | | | || (_| |  ) ) ) )
  '  |____| .__|_| |_|_| |_\__, | / / / /
 =========|_|==============|___/=/_/_/_/

 :: Spring Boot ::                (v3.5.6)

2025-10-14T11:57:01.929Z  INFO 17679 --- [demomixto] [  restartedMain] com.miAplicacion.demo.DemoApplication    : Starting DemoApplication using Java 17.0.16 with PID 17679 (/workspaces/crud-mixto/target/classes started by codespace in /workspaces/crud-mixto)
2025-10-14T11:57:01.932Z  INFO 17679 --- [demomixto] [  restartedMain] com.miAplicacion.demo.DemoApplication    : No active profile set, falling back to 1 default profile: "default"
2025-10-14T11:57:01.993Z  INFO 17679 --- [demomixto] [  restartedMain] .e.DevToolsPropertyDefaultsPostProcessor : Devtools property defaults active! Set 'spring.devtools.add-properties' to 'false' to disable
2025-10-14T11:57:01.994Z  INFO 17679 --- [demomixto] [  restartedMain] .e.DevToolsPropertyDefaultsPostProcessor : For additional web related logging consider setting the 'logging.level.web' property to 'DEBUG'
2025-10-14T11:57:02.812Z  INFO 17679 --- [demomixto] [  restartedMain] .s.d.r.c.RepositoryConfigurationDelegate : Multiple Spring Data modules found, entering strict repository configuration mode
2025-10-14T11:57:02.814Z  INFO 17679 --- [demomixto] [  restartedMain] .s.d.r.c.RepositoryConfigurationDelegate : Bootstrapping Spring Data JPA repositories in DEFAULT mode.
2025-10-14T11:57:02.856Z  INFO 17679 --- [demomixto] [  restartedMain] .RepositoryConfigurationExtensionSupport : Spring Data JPA - Could not safely identify store assignment for repository candidate interface com.miAplicacion.demo.Repository.ProyectoRepository; If you want this repository to be a JPA repository, consider annotating your entities with one of these annotations: jakarta.persistence.Entity, jakarta.persistence.MappedSuperclass (preferred), or consider extending one of the following types with your repository: org.springframework.data.jpa.repository.JpaRepository
2025-10-14T11:57:02.881Z  INFO 17679 --- [demomixto] [  restartedMain] .s.d.r.c.RepositoryConfigurationDelegate : Finished Spring Data repository scanning in 59 ms. Found 1 JPA repository interface.
2025-10-14T11:57:02.934Z  INFO 17679 --- [demomixto] [  restartedMain] .s.d.r.c.RepositoryConfigurationDelegate : Multiple Spring Data modules found, entering strict repository configuration mode
2025-10-14T11:57:02.935Z  INFO 17679 --- [demomixto] [  restartedMain] .s.d.r.c.RepositoryConfigurationDelegate : Bootstrapping Spring Data MongoDB repositories in DEFAULT mode.
2025-10-14T11:57:02.942Z  INFO 17679 --- [demomixto] [  restartedMain] .RepositoryConfigurationExtensionSupport : Spring Data MongoDB - Could not safely identify store assignment for repository candidate interface com.miAplicacion.demo.Repository.EmpleadoRepository; If you want this repository to be a MongoDB repository, consider annotating your entities with one of these annotations: org.springframework.data.mongodb.core.mapping.Document (preferred), or consider extending one of the following types with your repository: org.springframework.data.mongodb.repository.MongoRepository
2025-10-14T11:57:02.949Z  INFO 17679 --- [demomixto] [  restartedMain] .s.d.r.c.RepositoryConfigurationDelegate : Finished Spring Data repository scanning in 12 ms. Found 1 MongoDB repository interface.
2025-10-14T11:57:03.892Z  INFO 17679 --- [demomixto] [  restartedMain] o.s.b.w.embedded.tomcat.TomcatWebServer  : Tomcat initialized with port 8080 (http)
2025-10-14T11:57:03.902Z  INFO 17679 --- [demomixto] [  restartedMain] o.apache.catalina.core.StandardService   : Starting service [Tomcat]
2025-10-14T11:57:03.903Z  INFO 17679 --- [demomixto] [  restartedMain] o.apache.catalina.core.StandardEngine    : Starting Servlet engine: [Apache Tomcat/10.1.46]
2025-10-14T11:57:03.938Z  INFO 17679 --- [demomixto] [  restartedMain] o.a.c.c.C.[Tomcat].[localhost].[/]       : Initializing Spring embedded WebApplicationContext
2025-10-14T11:57:03.940Z  INFO 17679 --- [demomixto] [  restartedMain] w.s.c.ServletWebServerApplicationContext : Root WebApplicationContext: initialization completed in 1945 ms
2025-10-14T11:57:04.173Z  INFO 17679 --- [demomixto] [  restartedMain] o.hibernate.jpa.internal.util.LogHelper  : HHH000204: Processing PersistenceUnitInfo [name: default]
2025-10-14T11:57:04.223Z  INFO 17679 --- [demomixto] [  restartedMain] org.hibernate.Version                    : HHH000412: Hibernate ORM core version 6.6.29.Final
2025-10-14T11:57:04.263Z  INFO 17679 --- [demomixto] [  restartedMain] o.h.c.internal.RegionFactoryInitiator    : HHH000026: Second-level cache disabled
2025-10-14T11:57:04.471Z  INFO 17679 --- [demomixto] [  restartedMain] o.s.o.j.p.SpringPersistenceUnitInfo      : No LoadTimeWeaver setup: ignoring JPA class transformer
2025-10-14T11:57:04.490Z  INFO 17679 --- [demomixto] [  restartedMain] com.zaxxer.hikari.HikariDataSource       : HikariPool-1 - Starting...
2025-10-14T11:57:04.783Z  INFO 17679 --- [demomixto] [  restartedMain] com.zaxxer.hikari.pool.HikariPool        : HikariPool-1 - Added connection com.mysql.cj.jdbc.ConnectionImpl@2fad6e78
2025-10-14T11:57:04.784Z  INFO 17679 --- [demomixto] [  restartedMain] com.zaxxer.hikari.HikariDataSource       : HikariPool-1 - Start completed.
2025-10-14T11:57:04.820Z  WARN 17679 --- [demomixto] [  restartedMain] org.hibernate.orm.deprecation            : HHH90000025: MySQL8Dialect does not need to be specified explicitly using 'hibernate.dialect' (remove the property setting and it will be selected by default)
2025-10-14T11:57:04.821Z  WARN 17679 --- [demomixto] [  restartedMain] org.hibernate.orm.deprecation            : HHH90000026: MySQL8Dialect has been deprecated; use org.hibernate.dialect.MySQLDialect instead
2025-10-14T11:57:04.834Z  INFO 17679 --- [demomixto] [  restartedMain] org.hibernate.orm.connections.pooling    : HHH10001005: Database info:
	Database JDBC URL [Connecting through datasource 'HikariDataSource (HikariPool-1)']
	Database driver: undefined/unknown
	Database version: 8.0
	Autocommit mode: undefined/unknown
	Isolation level: undefined/unknown
	Minimum pool size: undefined/unknown
	Maximum pool size: undefined/unknown
2025-10-14T11:57:05.480Z  INFO 17679 --- [demomixto] [  restartedMain] o.h.e.t.j.p.i.JtaPlatformInitiator       : HHH000489: No JTA platform available (set 'hibernate.transaction.jta.platform' to enable JTA platform integration)
2025-10-14T11:57:05.536Z  INFO 17679 --- [demomixto] [  restartedMain] j.LocalContainerEntityManagerFactoryBean : Initialized JPA EntityManagerFactory for persistence unit 'default'
2025-10-14T11:57:05.794Z  INFO 17679 --- [demomixto] [  restartedMain] o.s.d.j.r.query.QueryEnhancerFactory     : Hibernate is in classpath; If applicable, HQL parser will be used.
2025-10-14T11:57:06.710Z  INFO 17679 --- [demomixto] [  restartedMain] org.mongodb.driver.client                : MongoClient with metadata {"application": {"name": "SERVIDORFULL"}, "driver": {"name": "mongo-java-driver|sync|spring-boot", "version": "5.5.1"}, "os": {"type": "Linux", "name": "Linux", "architecture": "amd64", "version": "6.8.0-1030-azure"}, "platform": "Java/Eclipse Adoptium/17.0.16+8", "env": {"container": {"runtime": "docker"}}} created with settings MongoClientSettings{readPreference=primary, writeConcern=WriteConcern{w=majority, wTimeout=null ms, journal=null}, retryWrites=true, retryReads=true, readConcern=ReadConcern{level=null}, credential=MongoCredential{mechanism=null, userName='fullsena', source='admin', password=<hidden>, mechanismProperties=<hidden>}, transportSettings=null, commandListeners=[], codecRegistry=ProvidersCodecRegistry{codecProviders=[ValueCodecProvider{}, BsonValueCodecProvider{}, DBRefCodecProvider{}, DBObjectCodecProvider{}, DocumentCodecProvider{}, CollectionCodecProvider{}, IterableCodecProvider{}, MapCodecProvider{}, GeoJsonCodecProvider{}, GridFSFileCodecProvider{}, Jsr310CodecProvider{}, JsonObjectCodecProvider{}, BsonCodecProvider{}, EnumCodecProvider{}, com.mongodb.client.model.mql.ExpressionCodecProvider@3990937e, com.mongodb.Jep395RecordCodecProvider@3650fec, com.mongodb.KotlinCodecProvider@d84fce8]}, loggerSettings=LoggerSettings{maxDocumentLength=1000}, clusterSettings={hosts=[127.0.0.1:27017], srvHost=servidorfull.87eqvrg.mongodb.net, srvServiceName=mongodb, mode=MULTIPLE, requiredClusterType=REPLICA_SET, requiredReplicaSetName='atlas-16plf3-shard-0', serverSelector='null', clusterListeners='[]', serverSelectionTimeout='30000 ms', localThreshold='15 ms'}, socketSettings=SocketSettings{connectTimeoutMS=10000, readTimeoutMS=0, receiveBufferSize=0, proxySettings=ProxySettings{host=null, port=null, username=null, password=null}}, heartbeatSocketSettings=SocketSettings{connectTimeoutMS=10000, readTimeoutMS=10000, receiveBufferSize=0, proxySettings=ProxySettings{host=null, port=null, username=null, password=null}}, connectionPoolSettings=ConnectionPoolSettings{maxSize=100, minSize=0, maxWaitTimeMS=120000, maxConnectionLifeTimeMS=0, maxConnectionIdleTimeMS=0, maintenanceInitialDelayMS=0, maintenanceFrequencyMS=60000, connectionPoolListeners=[], maxConnecting=2}, serverSettings=ServerSettings{heartbeatFrequencyMS=10000, minHeartbeatFrequencyMS=500, serverMonitoringMode=AUTO, serverListeners='[]', serverMonitorListeners='[]'}, sslSettings=SslSettings{enabled=true, invalidHostNameAllowed=false, context=null}, applicationName='SERVIDORFULL', compressorList=[], uuidRepresentation=JAVA_LEGACY, serverApi=null, autoEncryptionSettings=null, dnsClient=null, inetAddressResolver=null, contextProvider=null, timeoutMS=null}
2025-10-14T11:57:06.808Z  INFO 17679 --- [demomixto] [  restartedMain] o.s.b.d.a.OptionalLiveReloadServer       : LiveReload server is running on port 35729
2025-10-14T11:57:06.950Z  INFO 17679 --- [demomixto] [vrg.mongodb.net] org.mongodb.driver.cluster               : Adding discovered server ac-xhaju7l-shard-00-00.87eqvrg.mongodb.net:27017 to client view of cluster
2025-10-14T11:57:06.978Z  WARN 17679 --- [demomixto] [  restartedMain] JpaBaseConfiguration$JpaWebConfiguration : spring.jpa.open-in-view is enabled by default. Therefore, database queries may be performed during view rendering. Explicitly configure spring.jpa.open-in-view to disable this warning
2025-10-14T11:57:07.001Z  INFO 17679 --- [demomixto] [vrg.mongodb.net] org.mongodb.driver.cluster               : Adding discovered server ac-xhaju7l-shard-00-02.87eqvrg.mongodb.net:27017 to client view of cluster
2025-10-14T11:57:07.009Z  INFO 17679 --- [demomixto] [vrg.mongodb.net] org.mongodb.driver.cluster               : Adding discovered server ac-xhaju7l-shard-00-01.87eqvrg.mongodb.net:27017 to client view of cluster
2025-10-14T11:57:07.354Z  INFO 17679 --- [demomixto] [ngodb.net:27017] org.mongodb.driver.cluster               : Monitor thread successfully connected to server with description ServerDescription{address=ac-xhaju7l-shard-00-00.87eqvrg.mongodb.net:27017, type=REPLICA_SET_SECONDARY, cryptd=false, state=CONNECTED, ok=true, minWireVersion=0, maxWireVersion=25, maxDocumentSize=16777216, logicalSessionTimeoutMinutes=30, roundTripTimeNanos=185396055, minRoundTripTimeNanos=0, setName='atlas-16plf3-shard-0', canonicalAddress=ac-xhaju7l-shard-00-00.87eqvrg.mongodb.net:27017, hosts=[ac-xhaju7l-shard-00-00.87eqvrg.mongodb.net:27017, ac-xhaju7l-shard-00-01.87eqvrg.mongodb.net:27017, ac-xhaju7l-shard-00-02.87eqvrg.mongodb.net:27017], passives=[], arbiters=[], primary='ac-xhaju7l-shard-00-02.87eqvrg.mongodb.net:27017', tagSet=TagSet{[Tag{name='availabilityZone', value='use1-az4'}, Tag{name='diskState', value='READY'}, Tag{name='nodeType', value='ELECTABLE'}, Tag{name='provider', value='AWS'}, Tag{name='region', value='US_EAST_1'}, Tag{name='workloadType', value='OPERATIONAL'}]}, electionId=null, setVersion=139, topologyVersion=TopologyVersion{processId=68e422ead41612b759d37044, counter=6}, lastWriteDate=Tue Oct 14 11:57:06 UTC 2025, lastUpdateTimeNanos=1555158082686}
2025-10-14T11:57:07.354Z  INFO 17679 --- [demomixto] [ngodb.net:27017] org.mongodb.driver.cluster               : Monitor thread successfully connected to server with description ServerDescription{address=ac-xhaju7l-shard-00-02.87eqvrg.mongodb.net:27017, type=REPLICA_SET_PRIMARY, cryptd=false, state=CONNECTED, ok=true, minWireVersion=0, maxWireVersion=25, maxDocumentSize=16777216, logicalSessionTimeoutMinutes=30, roundTripTimeNanos=184742652, minRoundTripTimeNanos=0, setName='atlas-16plf3-shard-0', canonicalAddress=ac-xhaju7l-shard-00-02.87eqvrg.mongodb.net:27017, hosts=[ac-xhaju7l-shard-00-00.87eqvrg.mongodb.net:27017, ac-xhaju7l-shard-00-01.87eqvrg.mongodb.net:27017, ac-xhaju7l-shard-00-02.87eqvrg.mongodb.net:27017], passives=[], arbiters=[], primary='ac-xhaju7l-shard-00-02.87eqvrg.mongodb.net:27017', tagSet=TagSet{[Tag{name='availabilityZone', value='use1-az1'}, Tag{name='diskState', value='READY'}, Tag{name='nodeType', value='ELECTABLE'}, Tag{name='provider', value='AWS'}, Tag{name='region', value='US_EAST_1'}, Tag{name='workloadType', value='OPERATIONAL'}]}, electionId=7fffffff0000000000000177, setVersion=139, topologyVersion=TopologyVersion{processId=68e433330a410d319deedc84, counter=6}, lastWriteDate=Tue Oct 14 11:57:06 UTC 2025, lastUpdateTimeNanos=1555158082654}
2025-10-14T11:57:07.356Z  INFO 17679 --- [demomixto] [ngodb.net:27017] org.mongodb.driver.cluster               : Monitor thread successfully connected to server with description ServerDescription{address=ac-xhaju7l-shard-00-01.87eqvrg.mongodb.net:27017, type=REPLICA_SET_SECONDARY, cryptd=false, state=CONNECTED, ok=true, minWireVersion=0, maxWireVersion=25, maxDocumentSize=16777216, logicalSessionTimeoutMinutes=30, roundTripTimeNanos=149099974, minRoundTripTimeNanos=0, setName='atlas-16plf3-shard-0', canonicalAddress=ac-xhaju7l-shard-00-01.87eqvrg.mongodb.net:27017, hosts=[ac-xhaju7l-shard-00-00.87eqvrg.mongodb.net:27017, ac-xhaju7l-shard-00-01.87eqvrg.mongodb.net:27017, ac-xhaju7l-shard-00-02.87eqvrg.mongodb.net:27017], passives=[], arbiters=[], primary='ac-xhaju7l-shard-00-02.87eqvrg.mongodb.net:27017', tagSet=TagSet{[Tag{name='availabilityZone', value='use1-az6'}, Tag{name='diskState', value='READY'}, Tag{name='nodeType', value='ELECTABLE'}, Tag{name='provider', value='AWS'}, Tag{name='region', value='US_EAST_1'}, Tag{name='workloadType', value='OPERATIONAL'}]}, electionId=null, setVersion=139, topologyVersion=TopologyVersion{processId=68e5120ed516a4a27a4ca31b, counter=3}, lastWriteDate=Tue Oct 14 11:57:06 UTC 2025, lastUpdateTimeNanos=1555156354041}
2025-10-14T11:57:07.361Z  INFO 17679 --- [demomixto] [ngodb.net:27017] org.mongodb.driver.cluster               : Discovered replica set primary ac-xhaju7l-shard-00-02.87eqvrg.mongodb.net:27017 with max election id 7fffffff0000000000000177 and max set version 139
2025-10-14T11:57:07.459Z  INFO 17679 --- [demomixto] [  restartedMain] r$InitializeUserDetailsManagerConfigurer : Global AuthenticationManager configured with UserDetailsService bean with name userDetailsService
2025-10-14T11:57:07.827Z  INFO 17679 --- [demomixto] [  restartedMain] o.s.b.w.embedded.tomcat.TomcatWebServer  : Tomcat started on port 8080 (http) with context path '/'
2025-10-14T11:57:07.836Z  INFO 17679 --- [demomixto] [  restartedMain] com.miAplicacion.demo.DemoApplication    : Started DemoApplication in 6.477 seconds (process running for 7.206)
2025-10-14T12:05:29.173Z  INFO 17679 --- [demomixto] [nio-8080-exec-1] o.a.c.c.C.[Tomcat].[localhost].[/]       : Initializing Spring DispatcherServlet 'dispatcherServlet'
2025-10-14T12:05:29.174Z  INFO 17679 --- [demomixto] [nio-8080-exec-1] o.s.web.servlet.DispatcherServlet        : Initializing Servlet 'dispatcherServlet'
2025-10-14T12:05:29.176Z  INFO 17679 --- [demomixto] [nio-8080-exec-1] o.s.web.servlet.DispatcherServlet        : Completed initialization in 2 ms
